<<<<<<< HEAD
-------------------------------------------------------------------------------
Test set: com.github.vitalliuss.helloci.AppTest
-------------------------------------------------------------------------------
Tests run: 5, Failures: 1, Errors: 0, Skipped: 1, Time elapsed: 0.068 s <<< FAILURE! - in com.github.vitalliuss.helloci.AppTest
testShouldBeFailed(com.github.vitalliuss.helloci.AppTest)  Time elapsed: 0.012 s  <<< FAILURE!
java.lang.AssertionError
	at com.github.vitalliuss.helloci.AppTest.testShouldBeFailed(AppTest.java:21)

=======
-------------------------------------------------------------------------------
Test set: com.github.vitalliuss.helloci.AppTest
-------------------------------------------------------------------------------
Tests run: 5, Failures: 1, Errors: 0, Skipped: 1, Time elapsed: 0.068 s <<< FAILURE! - in com.github.vitalliuss.helloci.AppTest
testShouldBeFailed(com.github.vitalliuss.helloci.AppTest)  Time elapsed: 0.012 s  <<< FAILURE!
java.lang.AssertionError
	at com.github.vitalliuss.helloci.AppTest.testShouldBeFailed(AppTest.java:21)

>>>>>>> fb2eb3bc94eebbeab4c18300f18f4f292e2ce02c
